<?xml version="1.0" encoding="UTF-8"?>
<!-- Generated by org.testng.reporters.JUnitReportReporter -->
<testsuite hostname="DESKTOP-IUNUB7J" failures="0" tests="1" name="PersistanceTest" time="0.335" errors="0" timestamp="2022-01-24T17:04:09 EST" skipped="0">
  <testcase classname="PersistanceTest" name="testReadMessage" time="0.335"/>
  <system-out/>
</testsuite> <!-- PersistanceTest -->
