<?xml version="1.0" encoding="UTF-8"?>
<!-- Generated by org.testng.reporters.JUnitReportReporter -->
<testsuite hostname="DESKTOP-IUNUB7J" failures="0" tests="1" name="chapter.hibernate.PersistanceTest" time="0.301" errors="0" timestamp="2022-01-24T17:04:05 EST" skipped="0">
  <testcase classname="chapter.hibernate.PersistanceTest" name="testReadMessage" time="0.301"/>
  <system-out/>
</testsuite> <!-- chapter.hibernate.PersistanceTest -->
